<?xml version="1.0" encoding="UTF-8"?>
<robot generator="Robot 3.1.2 (Python 3.8.1 on win32)" generated="20200302 11:52:14.403" rpa="false">
<suite id="s1" name="Resetbutton" source="C:\Users\needt\PycharmProjects\automtest20_lab2\tests\Resetbutton.robot">
<test id="s1-t1" name="Reset button on Date Selection">
<kw name="Begin Web Test" library="keywords" type="setup">
<kw name="Open Browser" library="SeleniumLibrary">
<doc>Opens a new browser instance to the optional ``url``.</doc>
<arguments>
<arg>about:blank</arg>
<arg>${BROWSER}</arg>
</arguments>
<msg timestamp="20200302 11:52:14.906" level="INFO">Opening browser 'chrome' to base url 'about:blank'.</msg>
<status status="PASS" starttime="20200302 11:52:14.905" endtime="20200302 11:52:21.403"></status>
</kw>
<kw name="Maximize Browser Window" library="SeleniumLibrary">
<doc>Maximizes current browser window.</doc>
<status status="PASS" starttime="20200302 11:52:21.403" endtime="20200302 11:52:23.614"></status>
</kw>
<kw name="Go To Web Page" library="keywords">
<kw name="Go To" library="SeleniumLibrary">
<doc>Navigates the current browser window to the provided ``url``.</doc>
<arguments>
<arg>${URL}</arg>
</arguments>
<msg timestamp="20200302 11:52:23.616" level="INFO">Opening url 'http://rental20.infotiv.net/'</msg>
<status status="PASS" starttime="20200302 11:52:23.615" endtime="20200302 11:52:24.481"></status>
</kw>
<status status="PASS" starttime="20200302 11:52:23.614" endtime="20200302 11:52:24.481"></status>
</kw>
<kw name="Verify Page Loaded" library="keywords">
<kw name="Get Text" library="SeleniumLibrary">
<doc>Returns the text value of the element identified by ``locator``.</doc>
<arguments>
<arg>id:questionText</arg>
</arguments>
<assign>
<var>${link_text}</var>
</assign>
<msg timestamp="20200302 11:52:24.604" level="INFO">${link_text} = When do you want to make your trip?</msg>
<status status="PASS" starttime="20200302 11:52:24.482" endtime="20200302 11:52:24.605"></status>
</kw>
<kw name="Should Be Equal" library="BuiltIn">
<doc>Fails if the given objects are unequal.</doc>
<arguments>
<arg>${link_text}</arg>
<arg>When do you want to make your trip?</arg>
</arguments>
<status status="PASS" starttime="20200302 11:52:24.605" endtime="20200302 11:52:24.606"></status>
</kw>
<status status="PASS" starttime="20200302 11:52:24.481" endtime="20200302 11:52:24.606"></status>
</kw>
<status status="PASS" starttime="20200302 11:52:14.905" endtime="20200302 11:52:24.606"></status>
</kw>
<kw name="Go To Web Page" library="keywords">
<kw name="Go To" library="SeleniumLibrary">
<doc>Navigates the current browser window to the provided ``url``.</doc>
<arguments>
<arg>${URL}</arg>
</arguments>
<msg timestamp="20200302 11:52:24.607" level="INFO">Opening url 'http://rental20.infotiv.net/'</msg>
<status status="PASS" starttime="20200302 11:52:24.607" endtime="20200302 11:52:24.992"></status>
</kw>
<status status="PASS" starttime="20200302 11:52:24.607" endtime="20200302 11:52:24.993"></status>
</kw>
<kw name="Verify Page Loaded" library="keywords">
<kw name="Get Text" library="SeleniumLibrary">
<doc>Returns the text value of the element identified by ``locator``.</doc>
<arguments>
<arg>id:questionText</arg>
</arguments>
<assign>
<var>${link_text}</var>
</assign>
<msg timestamp="20200302 11:52:25.047" level="INFO">${link_text} = When do you want to make your trip?</msg>
<status status="PASS" starttime="20200302 11:52:24.994" endtime="20200302 11:52:25.047"></status>
</kw>
<kw name="Should Be Equal" library="BuiltIn">
<doc>Fails if the given objects are unequal.</doc>
<arguments>
<arg>${link_text}</arg>
<arg>When do you want to make your trip?</arg>
</arguments>
<status status="PASS" starttime="20200302 11:52:25.047" endtime="20200302 11:52:25.048"></status>
</kw>
<status status="PASS" starttime="20200302 11:52:24.993" endtime="20200302 11:52:25.048"></status>
</kw>
<kw name="Delete Date">
<kw name="Input Text" library="SeleniumLibrary">
<doc>Types the given ``text`` into the text field identified by ``locator``.</doc>
<arguments>
<arg>xpath://input[@id="start"]</arg>
<arg>0000-00-00</arg>
</arguments>
<msg timestamp="20200302 11:52:25.049" level="INFO">Typing text '0000-00-00' into text field 'xpath://input[@id="start"]'.</msg>
<status status="PASS" starttime="20200302 11:52:25.048" endtime="20200302 11:52:25.276"></status>
</kw>
<kw name="Click Button" library="SeleniumLibrary">
<doc>Clicks the button identified by ``locator``.</doc>
<arguments>
<arg>xpath://button[@id="continue"]</arg>
</arguments>
<msg timestamp="20200302 11:52:25.277" level="INFO">Clicking button 'xpath://button[@id="continue"]'.</msg>
<status status="PASS" starttime="20200302 11:52:25.277" endtime="20200302 11:52:25.470"></status>
</kw>
<kw name="Element Attribute Value Should Be" library="SeleniumLibrary">
<doc>Verifies element identified by ``locator`` contains expected attribute value.</doc>
<arguments>
<arg>xpath://*[@id="start"]</arg>
<arg>required</arg>
<arg>true</arg>
</arguments>
<msg timestamp="20200302 11:52:25.641" level="INFO">Element 'xpath://*[@id="start"]' attribute 'required' contains value 'true'.</msg>
<status status="PASS" starttime="20200302 11:52:25.471" endtime="20200302 11:52:25.641"></status>
</kw>
<status status="PASS" starttime="20200302 11:52:25.048" endtime="20200302 11:52:25.642"></status>
</kw>
<kw name="Click Reset button and go to the next page">
<kw name="Click Button" library="SeleniumLibrary">
<doc>Clicks the button identified by ``locator``.</doc>
<arguments>
<arg>xpath://button[@id="reset"]</arg>
</arguments>
<msg timestamp="20200302 11:52:25.644" level="INFO">Clicking button 'xpath://button[@id="reset"]'.</msg>
<status status="PASS" starttime="20200302 11:52:25.643" endtime="20200302 11:52:26.501"></status>
</kw>
<kw name="Click Button" library="SeleniumLibrary">
<doc>Clicks the button identified by ``locator``.</doc>
<arguments>
<arg>xpath://button[@id="continue"]</arg>
</arguments>
<msg timestamp="20200302 11:52:26.502" level="INFO">Clicking button 'xpath://button[@id="continue"]'.</msg>
<status status="PASS" starttime="20200302 11:52:26.502" endtime="20200302 11:52:28.255"></status>
</kw>
<kw name="Get Text" library="SeleniumLibrary">
<doc>Returns the text value of the element identified by ``locator``.</doc>
<arguments>
<arg>id:questionText</arg>
</arguments>
<assign>
<var>${link_text}</var>
</assign>
<msg timestamp="20200302 11:52:28.306" level="INFO">${link_text} = What would you like to drive?</msg>
<status status="PASS" starttime="20200302 11:52:28.256" endtime="20200302 11:52:28.306"></status>
</kw>
<kw name="Should Be Equal" library="BuiltIn">
<doc>Fails if the given objects are unequal.</doc>
<arguments>
<arg>${link_text}</arg>
<arg>What would you like to drive?</arg>
</arguments>
<status status="PASS" starttime="20200302 11:52:28.306" endtime="20200302 11:52:28.307"></status>
</kw>
<status status="PASS" starttime="20200302 11:52:25.642" endtime="20200302 11:52:28.307"></status>
</kw>
<kw name="End Web Test" library="keywords" type="teardown">
<kw name="Close Browser" library="SeleniumLibrary">
<doc>Closes the current browser.</doc>
<status status="PASS" starttime="20200302 11:52:28.309" endtime="20200302 11:52:30.725"></status>
</kw>
<status status="PASS" starttime="20200302 11:52:28.309" endtime="20200302 11:52:30.726"></status>
</kw>
<doc>Reset button on date selection should go back to the to date for the test</doc>
<tags>
<tag>Reset Button</tag>
</tags>
<status status="PASS" starttime="20200302 11:52:14.903" endtime="20200302 11:52:30.726" critical="yes"></status>
</test>
<doc>Global documentation</doc>
<status status="PASS" starttime="20200302 11:52:14.409" endtime="20200302 11:52:30.730"></status>
</suite>
<statistics>
<total>
<stat pass="1" fail="0">Critical Tests</stat>
<stat pass="1" fail="0">All Tests</stat>
</total>
<tag>
<stat pass="1" fail="0">Reset Button</stat>
</tag>
<suite>
<stat pass="1" fail="0" id="s1" name="Resetbutton">Resetbutton</stat>
</suite>
</statistics>
<errors>
</errors>
</robot>
