<?xml version="1.0" encoding="UTF-8"?>
<robot generator="Robot 3.1.2 (Python 3.8.1 on win32)" generated="20200302 11:42:10.201" rpa="false">
<suite id="s1" name="inputNoValue" source="C:\Users\needt\PycharmProjects\automtest20_lab2\tests\inputNoValue.robot">
<test id="s1-t1" name="Input No Value">
<kw name="Begin Web Test" library="keywords" type="setup">
<kw name="Open Browser" library="SeleniumLibrary">
<doc>Opens a new browser instance to the optional ``url``.</doc>
<arguments>
<arg>about:blank</arg>
<arg>${BROWSER}</arg>
</arguments>
<msg timestamp="20200302 11:42:10.640" level="INFO">Opening browser 'chrome' to base url 'about:blank'.</msg>
<status status="PASS" starttime="20200302 11:42:10.640" endtime="20200302 11:42:17.579"></status>
</kw>
<kw name="Maximize Browser Window" library="SeleniumLibrary">
<doc>Maximizes current browser window.</doc>
<status status="PASS" starttime="20200302 11:42:17.580" endtime="20200302 11:42:21.745"></status>
</kw>
<kw name="Go To Web Page" library="keywords">
<kw name="Go To" library="SeleniumLibrary">
<doc>Navigates the current browser window to the provided ``url``.</doc>
<arguments>
<arg>${URL}</arg>
</arguments>
<msg timestamp="20200302 11:42:21.747" level="INFO">Opening url 'http://rental20.infotiv.net/'</msg>
<status status="PASS" starttime="20200302 11:42:21.746" endtime="20200302 11:42:22.408"></status>
</kw>
<status status="PASS" starttime="20200302 11:42:21.746" endtime="20200302 11:42:22.409"></status>
</kw>
<kw name="Verify Page Loaded" library="keywords">
<kw name="Get Text" library="SeleniumLibrary">
<doc>Returns the text value of the element identified by ``locator``.</doc>
<arguments>
<arg>id:questionText</arg>
</arguments>
<assign>
<var>${link_text}</var>
</assign>
<msg timestamp="20200302 11:42:22.540" level="INFO">${link_text} = When do you want to make your trip?</msg>
<status status="PASS" starttime="20200302 11:42:22.410" endtime="20200302 11:42:22.540"></status>
</kw>
<kw name="Should Be Equal" library="BuiltIn">
<doc>Fails if the given objects are unequal.</doc>
<arguments>
<arg>${link_text}</arg>
<arg>When do you want to make your trip?</arg>
</arguments>
<status status="PASS" starttime="20200302 11:42:22.540" endtime="20200302 11:42:22.541"></status>
</kw>
<status status="PASS" starttime="20200302 11:42:22.409" endtime="20200302 11:42:22.541"></status>
</kw>
<status status="PASS" starttime="20200302 11:42:10.639" endtime="20200302 11:42:22.541"></status>
</kw>
<kw name="Go To Web Page" library="keywords">
<kw name="Go To" library="SeleniumLibrary">
<doc>Navigates the current browser window to the provided ``url``.</doc>
<arguments>
<arg>${URL}</arg>
</arguments>
<msg timestamp="20200302 11:42:22.542" level="INFO">Opening url 'http://rental20.infotiv.net/'</msg>
<status status="PASS" starttime="20200302 11:42:22.542" endtime="20200302 11:42:22.939"></status>
</kw>
<status status="PASS" starttime="20200302 11:42:22.542" endtime="20200302 11:42:22.940"></status>
</kw>
<kw name="Verify Page Loaded" library="keywords">
<kw name="Get Text" library="SeleniumLibrary">
<doc>Returns the text value of the element identified by ``locator``.</doc>
<arguments>
<arg>id:questionText</arg>
</arguments>
<assign>
<var>${link_text}</var>
</assign>
<msg timestamp="20200302 11:42:22.990" level="INFO">${link_text} = When do you want to make your trip?</msg>
<status status="PASS" starttime="20200302 11:42:22.940" endtime="20200302 11:42:22.990"></status>
</kw>
<kw name="Should Be Equal" library="BuiltIn">
<doc>Fails if the given objects are unequal.</doc>
<arguments>
<arg>${link_text}</arg>
<arg>When do you want to make your trip?</arg>
</arguments>
<status status="PASS" starttime="20200302 11:42:22.990" endtime="20200302 11:42:22.991"></status>
</kw>
<status status="PASS" starttime="20200302 11:42:22.940" endtime="20200302 11:42:22.991"></status>
</kw>
<kw name="Click Button Login" library="keywords">
<kw name="Click Button" library="SeleniumLibrary">
<doc>Clicks the button identified by ``locator``.</doc>
<arguments>
<arg>xpath://button[@id="login"]</arg>
</arguments>
<msg timestamp="20200302 11:42:22.992" level="INFO">Clicking button 'xpath://button[@id="login"]'.</msg>
<status status="PASS" starttime="20200302 11:42:22.992" endtime="20200302 11:42:23.255"></status>
</kw>
<status status="PASS" starttime="20200302 11:42:22.991" endtime="20200302 11:42:23.255"></status>
</kw>
<kw name="Verify Login Page Warning">
<kw name="Element Attribute Value Should Be" library="SeleniumLibrary">
<doc>Verifies element identified by ``locator`` contains expected attribute value.</doc>
<arguments>
<arg>xpath://*[@id="email"]</arg>
<arg>required</arg>
<arg>true</arg>
</arguments>
<msg timestamp="20200302 11:42:23.339" level="INFO">Element 'xpath://*[@id="email"]' attribute 'required' contains value 'true'.</msg>
<status status="PASS" starttime="20200302 11:42:23.256" endtime="20200302 11:42:23.339"></status>
</kw>
<status status="PASS" starttime="20200302 11:42:23.255" endtime="20200302 11:42:23.340"></status>
</kw>
<kw name="End Web Test" library="keywords" type="teardown">
<kw name="Close Browser" library="SeleniumLibrary">
<doc>Closes the current browser.</doc>
<status status="PASS" starttime="20200302 11:42:23.341" endtime="20200302 11:42:25.803"></status>
</kw>
<status status="PASS" starttime="20200302 11:42:23.340" endtime="20200302 11:42:25.804"></status>
</kw>
<doc>Submit field with no value</doc>
<tags>
<tag>Testfall 3: Submit no value</tag>
</tags>
<status status="PASS" starttime="20200302 11:42:10.638" endtime="20200302 11:42:25.804" critical="yes"></status>
</test>
<doc>Global documentation</doc>
<status status="PASS" starttime="20200302 11:42:10.206" endtime="20200302 11:42:25.808"></status>
</suite>
<statistics>
<total>
<stat pass="1" fail="0">Critical Tests</stat>
<stat pass="1" fail="0">All Tests</stat>
</total>
<tag>
<stat pass="1" fail="0">Testfall 3: Submit no value</stat>
</tag>
<suite>
<stat pass="1" fail="0" id="s1" name="inputNoValue">inputNoValue</stat>
</suite>
</statistics>
<errors>
</errors>
</robot>
