<?xml version="1.0" encoding="UTF-8"?>
<robot generator="Robot 3.1.2 (Python 3.8.1 on win32)" generated="20200226 18:28:01.765" rpa="false">
<suite id="s1" name="Tests" source="C:\Users\needt\PycharmProjects\automtest20_lab2\Tests">
<suite id="s1-s1" name="Negative" source="C:\Users\needt\PycharmProjects\automtest20_lab2\Tests\negative.robot">
<test id="s1-s1-t1" name="Load URL">
<kw name="Begin Web Test" library="keywords" type="setup">
<kw name="Open Browser" library="SeleniumLibrary">
<doc>Opens a new browser instance to the optional ``url``.</doc>
<arguments>
<arg>about:blank</arg>
<arg>${BROWSER}</arg>
</arguments>
<msg timestamp="20200226 18:28:02.443" level="INFO">Opening browser 'chrome' to base url 'about:blank'.</msg>
<status status="PASS" starttime="20200226 18:28:02.442" endtime="20200226 18:28:10.577"></status>
</kw>
<kw name="Maximize Browser Window" library="SeleniumLibrary">
<doc>Maximizes current browser window.</doc>
<status status="PASS" starttime="20200226 18:28:10.577" endtime="20200226 18:28:14.972"></status>
</kw>
<kw name="Go To Web Page" library="keywords">
<kw name="Go To" library="SeleniumLibrary">
<doc>Navigates the current browser window to the provided ``url``.</doc>
<arguments>
<arg>${URL}</arg>
</arguments>
<msg timestamp="20200226 18:28:14.974" level="INFO">Opening url 'http://rental20.infotiv.net/'</msg>
<status status="PASS" starttime="20200226 18:28:14.973" endtime="20200226 18:28:16.059"></status>
</kw>
<status status="PASS" starttime="20200226 18:28:14.973" endtime="20200226 18:28:16.059"></status>
</kw>
<kw name="Verify Page Loaded" library="keywords">
<kw name="Get Text" library="SeleniumLibrary">
<doc>Returns the text value of the element identified by ``locator``.</doc>
<arguments>
<arg>id:questionText</arg>
</arguments>
<assign>
<var>${link_text}</var>
</assign>
<msg timestamp="20200226 18:28:16.269" level="INFO">${link_text} = When do you want to make your trip?</msg>
<status status="PASS" starttime="20200226 18:28:16.060" endtime="20200226 18:28:16.269"></status>
</kw>
<kw name="Should Be Equal" library="BuiltIn">
<doc>Fails if the given objects are unequal.</doc>
<arguments>
<arg>${link_text}</arg>
<arg>When do you want to make your trip?</arg>
</arguments>
<status status="PASS" starttime="20200226 18:28:16.269" endtime="20200226 18:28:16.270"></status>
</kw>
<status status="PASS" starttime="20200226 18:28:16.059" endtime="20200226 18:28:16.270"></status>
</kw>
<status status="PASS" starttime="20200226 18:28:02.441" endtime="20200226 18:28:16.270"></status>
</kw>
<kw name="Go To Web Page" library="keywords">
<kw name="Go To" library="SeleniumLibrary">
<doc>Navigates the current browser window to the provided ``url``.</doc>
<arguments>
<arg>${URL}</arg>
</arguments>
<msg timestamp="20200226 18:28:16.303" level="INFO">Opening url 'http://rental20.infotiv.net/'</msg>
<status status="PASS" starttime="20200226 18:28:16.303" endtime="20200226 18:28:16.727"></status>
</kw>
<status status="PASS" starttime="20200226 18:28:16.302" endtime="20200226 18:28:16.727"></status>
</kw>
<kw name="Verify Page Loaded" library="keywords">
<kw name="Get Text" library="SeleniumLibrary">
<doc>Returns the text value of the element identified by ``locator``.</doc>
<arguments>
<arg>id:questionText</arg>
</arguments>
<assign>
<var>${link_text}</var>
</assign>
<msg timestamp="20200226 18:28:16.795" level="INFO">${link_text} = When do you want to make your trip?</msg>
<status status="PASS" starttime="20200226 18:28:16.740" endtime="20200226 18:28:16.795"></status>
</kw>
<kw name="Should Be Equal" library="BuiltIn">
<doc>Fails if the given objects are unequal.</doc>
<arguments>
<arg>${link_text}</arg>
<arg>When do you want to make your trip?</arg>
</arguments>
<status status="PASS" starttime="20200226 18:28:16.795" endtime="20200226 18:28:16.796"></status>
</kw>
<status status="PASS" starttime="20200226 18:28:16.739" endtime="20200226 18:28:16.796"></status>
</kw>
<kw name="End Web Test" library="keywords" type="teardown">
<kw name="Close Browser" library="SeleniumLibrary">
<doc>Closes the current browser.</doc>
<status status="PASS" starttime="20200226 18:28:16.798" endtime="20200226 18:28:20.708"></status>
</kw>
<status status="PASS" starttime="20200226 18:28:16.797" endtime="20200226 18:28:20.709"></status>
</kw>
<doc>Laddar sidan</doc>
<tags>
<tag>Laddar sidan</tag>
</tags>
<status status="PASS" starttime="20200226 18:28:02.439" endtime="20200226 18:28:20.710" critical="yes"></status>
</test>
<test id="s1-s1-t2" name="InputNoValue">
<kw name="Begin Web Test" library="keywords" type="setup">
<kw name="Open Browser" library="SeleniumLibrary">
<doc>Opens a new browser instance to the optional ``url``.</doc>
<arguments>
<arg>about:blank</arg>
<arg>${BROWSER}</arg>
</arguments>
<msg timestamp="20200226 18:28:20.744" level="INFO">Opening browser 'chrome' to base url 'about:blank'.</msg>
<status status="PASS" starttime="20200226 18:28:20.742" endtime="20200226 18:28:27.506"></status>
</kw>
<kw name="Maximize Browser Window" library="SeleniumLibrary">
<doc>Maximizes current browser window.</doc>
<status status="PASS" starttime="20200226 18:28:27.507" endtime="20200226 18:28:31.702"></status>
</kw>
<kw name="Go To Web Page" library="keywords">
<kw name="Go To" library="SeleniumLibrary">
<doc>Navigates the current browser window to the provided ``url``.</doc>
<arguments>
<arg>${URL}</arg>
</arguments>
<msg timestamp="20200226 18:28:31.704" level="INFO">Opening url 'http://rental20.infotiv.net/'</msg>
<status status="PASS" starttime="20200226 18:28:31.703" endtime="20200226 18:28:32.509"></status>
</kw>
<status status="PASS" starttime="20200226 18:28:31.703" endtime="20200226 18:28:32.510"></status>
</kw>
<kw name="Verify Page Loaded" library="keywords">
<kw name="Get Text" library="SeleniumLibrary">
<doc>Returns the text value of the element identified by ``locator``.</doc>
<arguments>
<arg>id:questionText</arg>
</arguments>
<assign>
<var>${link_text}</var>
</assign>
<msg timestamp="20200226 18:28:32.685" level="INFO">${link_text} = When do you want to make your trip?</msg>
<status status="PASS" starttime="20200226 18:28:32.511" endtime="20200226 18:28:32.685"></status>
</kw>
<kw name="Should Be Equal" library="BuiltIn">
<doc>Fails if the given objects are unequal.</doc>
<arguments>
<arg>${link_text}</arg>
<arg>When do you want to make your trip?</arg>
</arguments>
<status status="PASS" starttime="20200226 18:28:32.685" endtime="20200226 18:28:32.686"></status>
</kw>
<status status="PASS" starttime="20200226 18:28:32.510" endtime="20200226 18:28:32.686"></status>
</kw>
<status status="PASS" starttime="20200226 18:28:20.740" endtime="20200226 18:28:32.686"></status>
</kw>
<kw name="Go To Web Page" library="keywords">
<kw name="Go To" library="SeleniumLibrary">
<doc>Navigates the current browser window to the provided ``url``.</doc>
<arguments>
<arg>${URL}</arg>
</arguments>
<msg timestamp="20200226 18:28:32.698" level="INFO">Opening url 'http://rental20.infotiv.net/'</msg>
<status status="PASS" starttime="20200226 18:28:32.698" endtime="20200226 18:28:33.022"></status>
</kw>
<status status="PASS" starttime="20200226 18:28:32.697" endtime="20200226 18:28:33.022"></status>
</kw>
<kw name="Verify Page Loaded" library="keywords">
<kw name="Get Text" library="SeleniumLibrary">
<doc>Returns the text value of the element identified by ``locator``.</doc>
<arguments>
<arg>id:questionText</arg>
</arguments>
<assign>
<var>${link_text}</var>
</assign>
<msg timestamp="20200226 18:28:33.090" level="INFO">${link_text} = When do you want to make your trip?</msg>
<status status="PASS" starttime="20200226 18:28:33.029" endtime="20200226 18:28:33.091"></status>
</kw>
<kw name="Should Be Equal" library="BuiltIn">
<doc>Fails if the given objects are unequal.</doc>
<arguments>
<arg>${link_text}</arg>
<arg>When do you want to make your trip?</arg>
</arguments>
<status status="PASS" starttime="20200226 18:28:33.091" endtime="20200226 18:28:33.091"></status>
</kw>
<status status="PASS" starttime="20200226 18:28:33.028" endtime="20200226 18:28:33.092"></status>
</kw>
<kw name="Click Button Login" library="keywords">
<kw name="Click Button" library="SeleniumLibrary">
<doc>Clicks the button identified by ``locator``.</doc>
<arguments>
<arg>xpath://button[@id="login"]</arg>
</arguments>
<msg timestamp="20200226 18:28:33.101" level="INFO">Clicking button 'xpath://button[@id="login"]'.</msg>
<status status="PASS" starttime="20200226 18:28:33.101" endtime="20200226 18:28:33.606"></status>
</kw>
<status status="PASS" starttime="20200226 18:28:33.097" endtime="20200226 18:28:33.606"></status>
</kw>
<kw name="End Web Test" library="keywords" type="teardown">
<kw name="Close Browser" library="SeleniumLibrary">
<doc>Closes the current browser.</doc>
<status status="PASS" starttime="20200226 18:28:33.670" endtime="20200226 18:28:37.491"></status>
</kw>
<status status="PASS" starttime="20200226 18:28:33.669" endtime="20200226 18:28:37.492"></status>
</kw>
<doc>Submit field with no value</doc>
<tags>
<tag>submit_no_value</tag>
</tags>
<status status="PASS" starttime="20200226 18:28:20.737" endtime="20200226 18:28:37.494" critical="yes"></status>
</test>
<test id="s1-s1-t3" name="Log in with the wrong credentials">
<kw name="Begin Web Test" library="keywords" type="setup">
<kw name="Open Browser" library="SeleniumLibrary">
<doc>Opens a new browser instance to the optional ``url``.</doc>
<arguments>
<arg>about:blank</arg>
<arg>${BROWSER}</arg>
</arguments>
<msg timestamp="20200226 18:28:37.499" level="INFO">Opening browser 'chrome' to base url 'about:blank'.</msg>
<status status="PASS" starttime="20200226 18:28:37.499" endtime="20200226 18:28:43.853"></status>
</kw>
<kw name="Maximize Browser Window" library="SeleniumLibrary">
<doc>Maximizes current browser window.</doc>
<status status="PASS" starttime="20200226 18:28:43.853" endtime="20200226 18:28:46.186"></status>
</kw>
<kw name="Go To Web Page" library="keywords">
<kw name="Go To" library="SeleniumLibrary">
<doc>Navigates the current browser window to the provided ``url``.</doc>
<arguments>
<arg>${URL}</arg>
</arguments>
<msg timestamp="20200226 18:28:46.187" level="INFO">Opening url 'http://rental20.infotiv.net/'</msg>
<status status="PASS" starttime="20200226 18:28:46.187" endtime="20200226 18:28:47.233"></status>
</kw>
<status status="PASS" starttime="20200226 18:28:46.186" endtime="20200226 18:28:47.233"></status>
</kw>
<kw name="Verify Page Loaded" library="keywords">
<kw name="Get Text" library="SeleniumLibrary">
<doc>Returns the text value of the element identified by ``locator``.</doc>
<arguments>
<arg>id:questionText</arg>
</arguments>
<assign>
<var>${link_text}</var>
</assign>
<msg timestamp="20200226 18:28:47.437" level="INFO">${link_text} = When do you want to make your trip?</msg>
<status status="PASS" starttime="20200226 18:28:47.234" endtime="20200226 18:28:47.437"></status>
</kw>
<kw name="Should Be Equal" library="BuiltIn">
<doc>Fails if the given objects are unequal.</doc>
<arguments>
<arg>${link_text}</arg>
<arg>When do you want to make your trip?</arg>
</arguments>
<status status="PASS" starttime="20200226 18:28:47.437" endtime="20200226 18:28:47.438"></status>
</kw>
<status status="PASS" starttime="20200226 18:28:47.234" endtime="20200226 18:28:47.438"></status>
</kw>
<status status="PASS" starttime="20200226 18:28:37.498" endtime="20200226 18:28:47.438"></status>
</kw>
<kw name="Go To Web Page" library="keywords">
<kw name="Go To" library="SeleniumLibrary">
<doc>Navigates the current browser window to the provided ``url``.</doc>
<arguments>
<arg>${URL}</arg>
</arguments>
<msg timestamp="20200226 18:28:47.462" level="INFO">Opening url 'http://rental20.infotiv.net/'</msg>
<status status="PASS" starttime="20200226 18:28:47.462" endtime="20200226 18:28:47.862"></status>
</kw>
<status status="PASS" starttime="20200226 18:28:47.461" endtime="20200226 18:28:47.863"></status>
</kw>
<kw name="Verify Page Loaded" library="keywords">
<kw name="Get Text" library="SeleniumLibrary">
<doc>Returns the text value of the element identified by ``locator``.</doc>
<arguments>
<arg>id:questionText</arg>
</arguments>
<assign>
<var>${link_text}</var>
</assign>
<msg timestamp="20200226 18:28:48.172" level="INFO">${link_text} = When do you want to make your trip?</msg>
<status status="PASS" starttime="20200226 18:28:47.942" endtime="20200226 18:28:48.172"></status>
</kw>
<kw name="Should Be Equal" library="BuiltIn">
<doc>Fails if the given objects are unequal.</doc>
<arguments>
<arg>${link_text}</arg>
<arg>When do you want to make your trip?</arg>
</arguments>
<status status="PASS" starttime="20200226 18:28:48.173" endtime="20200226 18:28:48.173"></status>
</kw>
<status status="PASS" starttime="20200226 18:28:47.942" endtime="20200226 18:28:48.173"></status>
</kw>
<kw name="Enter Email" library="keywords">
<arguments>
<arg>${BAD_EMAIL}</arg>
</arguments>
<kw name="Input Text" library="SeleniumLibrary">
<doc>Types the given ``text`` into the text field identified by ``locator``.</doc>
<arguments>
<arg>xpath://input[@id="email"]</arg>
<arg>${email}</arg>
</arguments>
<msg timestamp="20200226 18:28:48.193" level="INFO">Typing text 'wrong@as.can.be' into text field 'xpath://input[@id="email"]'.</msg>
<status status="PASS" starttime="20200226 18:28:48.193" endtime="20200226 18:28:48.964"></status>
</kw>
<status status="PASS" starttime="20200226 18:28:48.192" endtime="20200226 18:28:48.964"></status>
</kw>
<kw name="ENTER PASSWORD" library="keywords">
<arguments>
<arg>${BAD_PASSWORD}</arg>
</arguments>
<kw name="Input Text" library="SeleniumLibrary">
<doc>Types the given ``text`` into the text field identified by ``locator``.</doc>
<arguments>
<arg>xpath://input[@id="password"]</arg>
<arg>${password}</arg>
</arguments>
<msg timestamp="20200226 18:28:48.970" level="INFO">Typing text 'ClearlyWrong' into text field 'xpath://input[@id="password"]'.</msg>
<status status="PASS" starttime="20200226 18:28:48.970" endtime="20200226 18:28:49.343"></status>
</kw>
<status status="PASS" starttime="20200226 18:28:48.969" endtime="20200226 18:28:49.343"></status>
</kw>
<kw name="Click Button Login" library="keywords">
<kw name="Click Button" library="SeleniumLibrary">
<doc>Clicks the button identified by ``locator``.</doc>
<arguments>
<arg>xpath://button[@id="login"]</arg>
</arguments>
<msg timestamp="20200226 18:28:49.348" level="INFO">Clicking button 'xpath://button[@id="login"]'.</msg>
<status status="PASS" starttime="20200226 18:28:49.348" endtime="20200226 18:28:49.960"></status>
</kw>
<status status="PASS" starttime="20200226 18:28:49.347" endtime="20200226 18:28:49.960"></status>
</kw>
<kw name="Verify Login Failed" library="keywords">
<kw name="Wait Until Page Contains Element" library="SeleniumLibrary">
<doc>Waits until the element ``locator`` appears on the current page.</doc>
<arguments>
<arg>xpath://label[@id="signInError"]</arg>
</arguments>
<status status="PASS" starttime="20200226 18:28:49.981" endtime="20200226 18:28:50.083"></status>
</kw>
<kw name="Get Text" library="SeleniumLibrary">
<doc>Returns the text value of the element identified by ``locator``.</doc>
<arguments>
<arg>xpath://label[@id="signInError"]</arg>
</arguments>
<assign>
<var>${status_message}</var>
</assign>
<msg timestamp="20200226 18:28:50.170" level="INFO">${status_message} = Wrong e-mail or password</msg>
<status status="PASS" starttime="20200226 18:28:50.083" endtime="20200226 18:28:50.170"></status>
</kw>
<kw name="Should Be Equal" library="BuiltIn">
<doc>Fails if the given objects are unequal.</doc>
<arguments>
<arg>${status_message}</arg>
<arg>Wrong e-mail or password</arg>
</arguments>
<status status="PASS" starttime="20200226 18:28:50.170" endtime="20200226 18:28:50.171"></status>
</kw>
<status status="PASS" starttime="20200226 18:28:49.981" endtime="20200226 18:28:50.171"></status>
</kw>
<kw name="End Web Test" library="keywords" type="teardown">
<kw name="Close Browser" library="SeleniumLibrary">
<doc>Closes the current browser.</doc>
<status status="PASS" starttime="20200226 18:28:50.175" endtime="20200226 18:28:52.804"></status>
</kw>
<status status="PASS" starttime="20200226 18:28:50.175" endtime="20200226 18:28:52.805"></status>
</kw>
<doc>User logging in with the wrong credentials</doc>
<tags>
<tag>negative</tag>
</tags>
<status status="PASS" starttime="20200226 18:28:37.496" endtime="20200226 18:28:52.806" critical="yes"></status>
</test>
<test id="s1-s1-t4" name="Test MyPage">
<kw name="Begin Web Test" library="keywords" type="setup">
<kw name="Open Browser" library="SeleniumLibrary">
<doc>Opens a new browser instance to the optional ``url``.</doc>
<arguments>
<arg>about:blank</arg>
<arg>${BROWSER}</arg>
</arguments>
<msg timestamp="20200226 18:28:52.819" level="INFO">Opening browser 'chrome' to base url 'about:blank'.</msg>
<status status="PASS" starttime="20200226 18:28:52.818" endtime="20200226 18:28:59.651"></status>
</kw>
<kw name="Maximize Browser Window" library="SeleniumLibrary">
<doc>Maximizes current browser window.</doc>
<status status="PASS" starttime="20200226 18:28:59.651" endtime="20200226 18:29:01.897"></status>
</kw>
<kw name="Go To Web Page" library="keywords">
<kw name="Go To" library="SeleniumLibrary">
<doc>Navigates the current browser window to the provided ``url``.</doc>
<arguments>
<arg>${URL}</arg>
</arguments>
<msg timestamp="20200226 18:29:01.899" level="INFO">Opening url 'http://rental20.infotiv.net/'</msg>
<status status="PASS" starttime="20200226 18:29:01.898" endtime="20200226 18:29:02.883"></status>
</kw>
<status status="PASS" starttime="20200226 18:29:01.898" endtime="20200226 18:29:02.883"></status>
</kw>
<kw name="Verify Page Loaded" library="keywords">
<kw name="Get Text" library="SeleniumLibrary">
<doc>Returns the text value of the element identified by ``locator``.</doc>
<arguments>
<arg>id:questionText</arg>
</arguments>
<assign>
<var>${link_text}</var>
</assign>
<msg timestamp="20200226 18:29:03.039" level="INFO">${link_text} = When do you want to make your trip?</msg>
<status status="PASS" starttime="20200226 18:29:02.884" endtime="20200226 18:29:03.039"></status>
</kw>
<kw name="Should Be Equal" library="BuiltIn">
<doc>Fails if the given objects are unequal.</doc>
<arguments>
<arg>${link_text}</arg>
<arg>When do you want to make your trip?</arg>
</arguments>
<status status="PASS" starttime="20200226 18:29:03.040" endtime="20200226 18:29:03.040"></status>
</kw>
<status status="PASS" starttime="20200226 18:29:02.883" endtime="20200226 18:29:03.042"></status>
</kw>
<status status="PASS" starttime="20200226 18:28:52.816" endtime="20200226 18:29:03.042"></status>
</kw>
<kw name="Given That User Already Registered" library="keywords">
<kw name="Go To Web Page" library="keywords">
<kw name="Go To" library="SeleniumLibrary">
<doc>Navigates the current browser window to the provided ``url``.</doc>
<arguments>
<arg>${URL}</arg>
</arguments>
<msg timestamp="20200226 18:29:03.086" level="INFO">Opening url 'http://rental20.infotiv.net/'</msg>
<status status="PASS" starttime="20200226 18:29:03.085" endtime="20200226 18:29:03.422"></status>
</kw>
<status status="PASS" starttime="20200226 18:29:03.085" endtime="20200226 18:29:03.422"></status>
</kw>
<kw name="Verify Page Loaded" library="keywords">
<kw name="Get Text" library="SeleniumLibrary">
<doc>Returns the text value of the element identified by ``locator``.</doc>
<arguments>
<arg>id:questionText</arg>
</arguments>
<assign>
<var>${link_text}</var>
</assign>
<msg timestamp="20200226 18:29:03.526" level="INFO">${link_text} = When do you want to make your trip?</msg>
<status status="PASS" starttime="20200226 18:29:03.422" endtime="20200226 18:29:03.527"></status>
</kw>
<kw name="Should Be Equal" library="BuiltIn">
<doc>Fails if the given objects are unequal.</doc>
<arguments>
<arg>${link_text}</arg>
<arg>When do you want to make your trip?</arg>
</arguments>
<status status="PASS" starttime="20200226 18:29:03.527" endtime="20200226 18:29:03.528"></status>
</kw>
<status status="PASS" starttime="20200226 18:29:03.422" endtime="20200226 18:29:03.528"></status>
</kw>
<status status="PASS" starttime="20200226 18:29:03.084" endtime="20200226 18:29:03.528"></status>
</kw>
<kw name="When User Logs In And Clicks My Page" library="keywords">
<kw name="Enter Email" library="keywords">
<arguments>
<arg>${EMAIL}</arg>
</arguments>
<kw name="Input Text" library="SeleniumLibrary">
<doc>Types the given ``text`` into the text field identified by ``locator``.</doc>
<arguments>
<arg>xpath://input[@id="email"]</arg>
<arg>${email}</arg>
</arguments>
<msg timestamp="20200226 18:29:03.533" level="INFO">Typing text 'needtsleep@gmail.com' into text field 'xpath://input[@id="email"]'.</msg>
<status status="PASS" starttime="20200226 18:29:03.532" endtime="20200226 18:29:04.121"></status>
</kw>
<status status="PASS" starttime="20200226 18:29:03.532" endtime="20200226 18:29:04.122"></status>
</kw>
<kw name="ENTER PASSWORD" library="keywords">
<arguments>
<arg>${PASSWORD}</arg>
</arguments>
<kw name="Input Text" library="SeleniumLibrary">
<doc>Types the given ``text`` into the text field identified by ``locator``.</doc>
<arguments>
<arg>xpath://input[@id="password"]</arg>
<arg>${password}</arg>
</arguments>
<msg timestamp="20200226 18:29:04.123" level="INFO">Typing text 'murre123' into text field 'xpath://input[@id="password"]'.</msg>
<status status="PASS" starttime="20200226 18:29:04.123" endtime="20200226 18:29:04.354"></status>
</kw>
<status status="PASS" starttime="20200226 18:29:04.122" endtime="20200226 18:29:04.355"></status>
</kw>
<kw name="Click Button Login" library="keywords">
<kw name="Click Button" library="SeleniumLibrary">
<doc>Clicks the button identified by ``locator``.</doc>
<arguments>
<arg>xpath://button[@id="login"]</arg>
</arguments>
<msg timestamp="20200226 18:29:04.356" level="INFO">Clicking button 'xpath://button[@id="login"]'.</msg>
<status status="PASS" starttime="20200226 18:29:04.355" endtime="20200226 18:29:05.045"></status>
</kw>
<status status="PASS" starttime="20200226 18:29:04.355" endtime="20200226 18:29:05.045"></status>
</kw>
<kw name="Verify Login Page Loaded" library="keywords">
<kw name="Wait Until Page Contains Element" library="SeleniumLibrary">
<doc>Waits until the element ``locator`` appears on the current page.</doc>
<arguments>
<arg>xpath://label[@id="welcomePhrase"]</arg>
</arguments>
<status status="PASS" starttime="20200226 18:29:05.046" endtime="20200226 18:29:05.080"></status>
</kw>
<status status="PASS" starttime="20200226 18:29:05.045" endtime="20200226 18:29:05.081"></status>
</kw>
<status status="PASS" starttime="20200226 18:29:03.531" endtime="20200226 18:29:05.081"></status>
</kw>
<kw name="Then The User Expects To See Page" library="keywords">
<kw name="Click Button Mypage" library="keywords">
<kw name="Click Button" library="SeleniumLibrary">
<doc>Clicks the button identified by ``locator``.</doc>
<arguments>
<arg>xpath://button[@id="mypage"]</arg>
</arguments>
<msg timestamp="20200226 18:29:05.084" level="INFO">Clicking button 'xpath://button[@id="mypage"]'.</msg>
<status status="PASS" starttime="20200226 18:29:05.084" endtime="20200226 18:29:05.496"></status>
</kw>
<kw name="Get Title" library="SeleniumLibrary">
<doc>Returns the title of the current page.</doc>
<assign>
<var>${title_value}</var>
</assign>
<msg timestamp="20200226 18:29:05.504" level="INFO">${title_value} = Mypage</msg>
<status status="PASS" starttime="20200226 18:29:05.496" endtime="20200226 18:29:05.504"></status>
</kw>
<kw name="Should Be Equal" library="BuiltIn">
<doc>Fails if the given objects are unequal.</doc>
<arguments>
<arg>${title_value}</arg>
<arg>Mypage</arg>
</arguments>
<status status="PASS" starttime="20200226 18:29:05.504" endtime="20200226 18:29:05.505"></status>
</kw>
<status status="PASS" starttime="20200226 18:29:05.083" endtime="20200226 18:29:05.505"></status>
</kw>
<status status="PASS" starttime="20200226 18:29:05.083" endtime="20200226 18:29:05.505"></status>
</kw>
<kw name="End Web Test" library="keywords" type="teardown">
<kw name="Close Browser" library="SeleniumLibrary">
<doc>Closes the current browser.</doc>
<status status="PASS" starttime="20200226 18:29:05.509" endtime="20200226 18:29:07.940"></status>
</kw>
<status status="PASS" starttime="20200226 18:29:05.508" endtime="20200226 18:29:07.941"></status>
</kw>
<doc>Given that user is registered, the user logs in and clicks the My Page button expecting to see their personal page.</doc>
<tags>
<tag>gherkin</tag>
</tags>
<status status="PASS" starttime="20200226 18:28:52.812" endtime="20200226 18:29:07.942" critical="yes"></status>
</test>
<doc>Global documentation</doc>
<status status="PASS" starttime="20200226 18:28:01.841" endtime="20200226 18:29:07.951"></status>
</suite>
<status status="PASS" starttime="20200226 18:28:01.768" endtime="20200226 18:29:07.975"></status>
</suite>
<statistics>
<total>
<stat pass="4" fail="0">Critical Tests</stat>
<stat pass="4" fail="0">All Tests</stat>
</total>
<tag>
<stat pass="1" fail="0">gherkin</stat>
<stat pass="1" fail="0">Laddar sidan</stat>
<stat pass="1" fail="0">negative</stat>
<stat pass="1" fail="0">submit_no_value</stat>
</tag>
<suite>
<stat pass="4" fail="0" id="s1" name="Tests">Tests</stat>
<stat pass="4" fail="0" id="s1-s1" name="Negative">Tests.Negative</stat>
</suite>
</statistics>
<errors>
</errors>
</robot>
