<?xml version="1.0" encoding="UTF-8"?>
<robot generator="Robot 3.1.2 (Python 3.8.1 on win32)" generated="20200226 20:13:40.530" rpa="false">
<suite id="s1" name="Tests" source="C:\Users\needt\PycharmProjects\automtest20_lab2\Tests">
<suite id="s1-s1" name="Gherkin" source="C:\Users\needt\PycharmProjects\automtest20_lab2\Tests\gherkin.robot">
<test id="s1-s1-t1" name="Test MyPage">
<kw name="Begin Web Test" library="keywords" type="setup">
<kw name="Open Browser" library="SeleniumLibrary">
<doc>Opens a new browser instance to the optional ``url``.</doc>
<arguments>
<arg>about:blank</arg>
<arg>${BROWSER}</arg>
</arguments>
<msg timestamp="20200226 20:13:40.987" level="INFO">Opening browser 'chrome' to base url 'about:blank'.</msg>
<status status="PASS" starttime="20200226 20:13:40.986" endtime="20200226 20:13:47.451"></status>
</kw>
<kw name="Maximize Browser Window" library="SeleniumLibrary">
<doc>Maximizes current browser window.</doc>
<status status="PASS" starttime="20200226 20:13:47.452" endtime="20200226 20:13:51.589"></status>
</kw>
<kw name="Go To Web Page" library="keywords">
<kw name="Go To" library="SeleniumLibrary">
<doc>Navigates the current browser window to the provided ``url``.</doc>
<arguments>
<arg>${URL}</arg>
</arguments>
<msg timestamp="20200226 20:13:51.591" level="INFO">Opening url 'http://rental20.infotiv.net/'</msg>
<status status="PASS" starttime="20200226 20:13:51.590" endtime="20200226 20:13:52.384"></status>
</kw>
<status status="PASS" starttime="20200226 20:13:51.590" endtime="20200226 20:13:52.384"></status>
</kw>
<kw name="Verify Page Loaded" library="keywords">
<kw name="Get Text" library="SeleniumLibrary">
<doc>Returns the text value of the element identified by ``locator``.</doc>
<arguments>
<arg>id:questionText</arg>
</arguments>
<assign>
<var>${link_text}</var>
</assign>
<msg timestamp="20200226 20:13:52.593" level="INFO">${link_text} = When do you want to make your trip?</msg>
<status status="PASS" starttime="20200226 20:13:52.385" endtime="20200226 20:13:52.593"></status>
</kw>
<kw name="Should Be Equal" library="BuiltIn">
<doc>Fails if the given objects are unequal.</doc>
<arguments>
<arg>${link_text}</arg>
<arg>When do you want to make your trip?</arg>
</arguments>
<status status="PASS" starttime="20200226 20:13:52.593" endtime="20200226 20:13:52.594"></status>
</kw>
<status status="PASS" starttime="20200226 20:13:52.385" endtime="20200226 20:13:52.595"></status>
</kw>
<status status="PASS" starttime="20200226 20:13:40.985" endtime="20200226 20:13:52.595"></status>
</kw>
<kw name="Given That User Already Registered" library="keywords">
<kw name="Go To Web Page" library="keywords">
<kw name="Go To" library="SeleniumLibrary">
<doc>Navigates the current browser window to the provided ``url``.</doc>
<arguments>
<arg>${URL}</arg>
</arguments>
<msg timestamp="20200226 20:13:52.635" level="INFO">Opening url 'http://rental20.infotiv.net/'</msg>
<status status="PASS" starttime="20200226 20:13:52.634" endtime="20200226 20:13:53.032"></status>
</kw>
<status status="PASS" starttime="20200226 20:13:52.634" endtime="20200226 20:13:53.032"></status>
</kw>
<kw name="Verify Page Loaded" library="keywords">
<kw name="Get Text" library="SeleniumLibrary">
<doc>Returns the text value of the element identified by ``locator``.</doc>
<arguments>
<arg>id:questionText</arg>
</arguments>
<assign>
<var>${link_text}</var>
</assign>
<msg timestamp="20200226 20:13:53.097" level="INFO">${link_text} = When do you want to make your trip?</msg>
<status status="PASS" starttime="20200226 20:13:53.033" endtime="20200226 20:13:53.097"></status>
</kw>
<kw name="Should Be Equal" library="BuiltIn">
<doc>Fails if the given objects are unequal.</doc>
<arguments>
<arg>${link_text}</arg>
<arg>When do you want to make your trip?</arg>
</arguments>
<status status="PASS" starttime="20200226 20:13:53.097" endtime="20200226 20:13:53.098"></status>
</kw>
<status status="PASS" starttime="20200226 20:13:53.032" endtime="20200226 20:13:53.098"></status>
</kw>
<status status="PASS" starttime="20200226 20:13:52.633" endtime="20200226 20:13:53.098"></status>
</kw>
<kw name="When User Logs In And Clicks My Page" library="keywords">
<kw name="Enter Email" library="keywords">
<arguments>
<arg>${EMAIL}</arg>
</arguments>
<kw name="Input Text" library="SeleniumLibrary">
<doc>Types the given ``text`` into the text field identified by ``locator``.</doc>
<arguments>
<arg>xpath://input[@id="email"]</arg>
<arg>${email}</arg>
</arguments>
<msg timestamp="20200226 20:13:53.102" level="INFO">Typing text 'needtsleep@gmail.com' into text field 'xpath://input[@id="email"]'.</msg>
<status status="PASS" starttime="20200226 20:13:53.101" endtime="20200226 20:13:53.687"></status>
</kw>
<status status="PASS" starttime="20200226 20:13:53.100" endtime="20200226 20:13:53.687"></status>
</kw>
<kw name="ENTER PASSWORD" library="keywords">
<arguments>
<arg>${PASSWORD}</arg>
</arguments>
<kw name="Input Text" library="SeleniumLibrary">
<doc>Types the given ``text`` into the text field identified by ``locator``.</doc>
<arguments>
<arg>xpath://input[@id="password"]</arg>
<arg>${password}</arg>
</arguments>
<msg timestamp="20200226 20:13:53.688" level="INFO">Typing text 'murre123' into text field 'xpath://input[@id="password"]'.</msg>
<status status="PASS" starttime="20200226 20:13:53.688" endtime="20200226 20:13:54.028"></status>
</kw>
<status status="PASS" starttime="20200226 20:13:53.687" endtime="20200226 20:13:54.029"></status>
</kw>
<kw name="Click Button Login" library="keywords">
<kw name="Click Button" library="SeleniumLibrary">
<doc>Clicks the button identified by ``locator``.</doc>
<arguments>
<arg>xpath://button[@id="login"]</arg>
</arguments>
<msg timestamp="20200226 20:13:54.030" level="INFO">Clicking button 'xpath://button[@id="login"]'.</msg>
<status status="PASS" starttime="20200226 20:13:54.029" endtime="20200226 20:13:54.711"></status>
</kw>
<status status="PASS" starttime="20200226 20:13:54.029" endtime="20200226 20:13:54.711"></status>
</kw>
<kw name="Verify Login Page Loaded" library="keywords">
<kw name="Wait Until Page Contains Element" library="SeleniumLibrary">
<doc>Waits until the element ``locator`` appears on the current page.</doc>
<arguments>
<arg>xpath://label[@id="welcomePhrase"]</arg>
</arguments>
<status status="PASS" starttime="20200226 20:13:54.712" endtime="20200226 20:13:54.737"></status>
</kw>
<status status="PASS" starttime="20200226 20:13:54.712" endtime="20200226 20:13:54.738"></status>
</kw>
<status status="PASS" starttime="20200226 20:13:53.100" endtime="20200226 20:13:54.739"></status>
</kw>
<kw name="Then The User Expects To See Page" library="keywords">
<kw name="Click Button Mypage" library="keywords">
<kw name="Click Button" library="SeleniumLibrary">
<doc>Clicks the button identified by ``locator``.</doc>
<arguments>
<arg>xpath://button[@id="mypage"]</arg>
</arguments>
<msg timestamp="20200226 20:13:54.755" level="INFO">Clicking button 'xpath://button[@id="mypage"]'.</msg>
<status status="PASS" starttime="20200226 20:13:54.755" endtime="20200226 20:13:55.213"></status>
</kw>
<kw name="Get Title" library="SeleniumLibrary">
<doc>Returns the title of the current page.</doc>
<assign>
<var>${title_value}</var>
</assign>
<msg timestamp="20200226 20:13:55.366" level="INFO">${title_value} = Mypage</msg>
<status status="PASS" starttime="20200226 20:13:55.213" endtime="20200226 20:13:55.366"></status>
</kw>
<kw name="Should Be Equal" library="BuiltIn">
<doc>Fails if the given objects are unequal.</doc>
<arguments>
<arg>${title_value}</arg>
<arg>Mypage</arg>
</arguments>
<status status="PASS" starttime="20200226 20:13:55.367" endtime="20200226 20:13:55.367"></status>
</kw>
<status status="PASS" starttime="20200226 20:13:54.752" endtime="20200226 20:13:55.368"></status>
</kw>
<status status="PASS" starttime="20200226 20:13:54.751" endtime="20200226 20:13:55.368"></status>
</kw>
<kw name="End Web Test" library="keywords" type="teardown">
<kw name="Close Browser" library="SeleniumLibrary">
<doc>Closes the current browser.</doc>
<status status="PASS" starttime="20200226 20:13:55.395" endtime="20200226 20:13:58.700"></status>
</kw>
<status status="PASS" starttime="20200226 20:13:55.395" endtime="20200226 20:13:58.701"></status>
</kw>
<doc>Given that user is registered, the user logs in and clicks the My Page button expecting to see their personal page.</doc>
<tags>
<tag>gherkin</tag>
</tags>
<status status="PASS" starttime="20200226 20:13:40.984" endtime="20200226 20:13:58.701" critical="yes"></status>
</test>
<doc>Global documentation</doc>
<status status="PASS" starttime="20200226 20:13:40.586" endtime="20200226 20:13:58.704"></status>
</suite>
<suite id="s1-s2" name="inputNoValue" source="C:\Users\needt\PycharmProjects\automtest20_lab2\Tests\inputNoValue.robot">
<test id="s1-s2-t1" name="Input No Value">
<kw name="Begin Web Test" library="keywords" type="setup">
<kw name="Open Browser" library="SeleniumLibrary">
<doc>Opens a new browser instance to the optional ``url``.</doc>
<arguments>
<arg>about:blank</arg>
<arg>${BROWSER}</arg>
</arguments>
<msg timestamp="20200226 20:13:58.722" level="INFO">Opening browser 'chrome' to base url 'about:blank'.</msg>
<status status="PASS" starttime="20200226 20:13:58.722" endtime="20200226 20:14:04.850"></status>
</kw>
<kw name="Maximize Browser Window" library="SeleniumLibrary">
<doc>Maximizes current browser window.</doc>
<status status="PASS" starttime="20200226 20:14:04.852" endtime="20200226 20:14:08.987"></status>
</kw>
<kw name="Go To Web Page" library="keywords">
<kw name="Go To" library="SeleniumLibrary">
<doc>Navigates the current browser window to the provided ``url``.</doc>
<arguments>
<arg>${URL}</arg>
</arguments>
<msg timestamp="20200226 20:14:08.988" level="INFO">Opening url 'http://rental20.infotiv.net/'</msg>
<status status="PASS" starttime="20200226 20:14:08.988" endtime="20200226 20:14:09.888"></status>
</kw>
<status status="PASS" starttime="20200226 20:14:08.987" endtime="20200226 20:14:09.889"></status>
</kw>
<kw name="Verify Page Loaded" library="keywords">
<kw name="Get Text" library="SeleniumLibrary">
<doc>Returns the text value of the element identified by ``locator``.</doc>
<arguments>
<arg>id:questionText</arg>
</arguments>
<assign>
<var>${link_text}</var>
</assign>
<msg timestamp="20200226 20:14:10.055" level="INFO">${link_text} = When do you want to make your trip?</msg>
<status status="PASS" starttime="20200226 20:14:09.892" endtime="20200226 20:14:10.056"></status>
</kw>
<kw name="Should Be Equal" library="BuiltIn">
<doc>Fails if the given objects are unequal.</doc>
<arguments>
<arg>${link_text}</arg>
<arg>When do you want to make your trip?</arg>
</arguments>
<status status="PASS" starttime="20200226 20:14:10.056" endtime="20200226 20:14:10.056"></status>
</kw>
<status status="PASS" starttime="20200226 20:14:09.891" endtime="20200226 20:14:10.057"></status>
</kw>
<status status="PASS" starttime="20200226 20:13:58.721" endtime="20200226 20:14:10.057"></status>
</kw>
<kw name="Go To Web Page" library="keywords">
<kw name="Go To" library="SeleniumLibrary">
<doc>Navigates the current browser window to the provided ``url``.</doc>
<arguments>
<arg>${URL}</arg>
</arguments>
<msg timestamp="20200226 20:14:10.074" level="INFO">Opening url 'http://rental20.infotiv.net/'</msg>
<status status="PASS" starttime="20200226 20:14:10.074" endtime="20200226 20:14:10.495"></status>
</kw>
<status status="PASS" starttime="20200226 20:14:10.073" endtime="20200226 20:14:10.495"></status>
</kw>
<kw name="Verify Page Loaded" library="keywords">
<kw name="Get Text" library="SeleniumLibrary">
<doc>Returns the text value of the element identified by ``locator``.</doc>
<arguments>
<arg>id:questionText</arg>
</arguments>
<assign>
<var>${link_text}</var>
</assign>
<msg timestamp="20200226 20:14:10.613" level="INFO">${link_text} = When do you want to make your trip?</msg>
<status status="PASS" starttime="20200226 20:14:10.497" endtime="20200226 20:14:10.613"></status>
</kw>
<kw name="Should Be Equal" library="BuiltIn">
<doc>Fails if the given objects are unequal.</doc>
<arguments>
<arg>${link_text}</arg>
<arg>When do you want to make your trip?</arg>
</arguments>
<status status="PASS" starttime="20200226 20:14:10.613" endtime="20200226 20:14:10.614"></status>
</kw>
<status status="PASS" starttime="20200226 20:14:10.496" endtime="20200226 20:14:10.614"></status>
</kw>
<kw name="Click Button Login" library="keywords">
<kw name="Click Button" library="SeleniumLibrary">
<doc>Clicks the button identified by ``locator``.</doc>
<arguments>
<arg>xpath://button[@id="login"]</arg>
</arguments>
<msg timestamp="20200226 20:14:10.618" level="INFO">Clicking button 'xpath://button[@id="login"]'.</msg>
<status status="PASS" starttime="20200226 20:14:10.618" endtime="20200226 20:14:10.958"></status>
</kw>
<status status="PASS" starttime="20200226 20:14:10.618" endtime="20200226 20:14:10.958"></status>
</kw>
<kw name="End Web Test" library="keywords" type="teardown">
<kw name="Close Browser" library="SeleniumLibrary">
<doc>Closes the current browser.</doc>
<status status="PASS" starttime="20200226 20:14:11.060" endtime="20200226 20:14:13.673"></status>
</kw>
<status status="PASS" starttime="20200226 20:14:11.060" endtime="20200226 20:14:13.674"></status>
</kw>
<doc>Submit field with no value</doc>
<tags>
<tag>submit no value</tag>
</tags>
<status status="PASS" starttime="20200226 20:13:58.717" endtime="20200226 20:14:13.674" critical="yes"></status>
</test>
<doc>Global documentation</doc>
<status status="PASS" starttime="20200226 20:13:58.708" endtime="20200226 20:14:13.677"></status>
</suite>
<suite id="s1-s3" name="Negative" source="C:\Users\needt\PycharmProjects\automtest20_lab2\Tests\negative.robot">
<test id="s1-s3-t1" name="Load URL">
<kw name="Begin Web Test" library="keywords" type="setup">
<kw name="Open Browser" library="SeleniumLibrary">
<doc>Opens a new browser instance to the optional ``url``.</doc>
<arguments>
<arg>about:blank</arg>
<arg>${BROWSER}</arg>
</arguments>
<msg timestamp="20200226 20:14:13.696" level="INFO">Opening browser 'chrome' to base url 'about:blank'.</msg>
<status status="PASS" starttime="20200226 20:14:13.695" endtime="20200226 20:14:19.919"></status>
</kw>
<kw name="Maximize Browser Window" library="SeleniumLibrary">
<doc>Maximizes current browser window.</doc>
<status status="PASS" starttime="20200226 20:14:19.919" endtime="20200226 20:14:24.084"></status>
</kw>
<kw name="Go To Web Page" library="keywords">
<kw name="Go To" library="SeleniumLibrary">
<doc>Navigates the current browser window to the provided ``url``.</doc>
<arguments>
<arg>${URL}</arg>
</arguments>
<msg timestamp="20200226 20:14:24.085" level="INFO">Opening url 'http://rental20.infotiv.net/'</msg>
<status status="PASS" starttime="20200226 20:14:24.085" endtime="20200226 20:14:25.213"></status>
</kw>
<status status="PASS" starttime="20200226 20:14:24.084" endtime="20200226 20:14:25.213"></status>
</kw>
<kw name="Verify Page Loaded" library="keywords">
<kw name="Get Text" library="SeleniumLibrary">
<doc>Returns the text value of the element identified by ``locator``.</doc>
<arguments>
<arg>id:questionText</arg>
</arguments>
<assign>
<var>${link_text}</var>
</assign>
<msg timestamp="20200226 20:14:25.381" level="INFO">${link_text} = When do you want to make your trip?</msg>
<status status="PASS" starttime="20200226 20:14:25.214" endtime="20200226 20:14:25.381"></status>
</kw>
<kw name="Should Be Equal" library="BuiltIn">
<doc>Fails if the given objects are unequal.</doc>
<arguments>
<arg>${link_text}</arg>
<arg>When do you want to make your trip?</arg>
</arguments>
<status status="PASS" starttime="20200226 20:14:25.381" endtime="20200226 20:14:25.382"></status>
</kw>
<status status="PASS" starttime="20200226 20:14:25.213" endtime="20200226 20:14:25.382"></status>
</kw>
<status status="PASS" starttime="20200226 20:14:13.695" endtime="20200226 20:14:25.382"></status>
</kw>
<kw name="Go To Web Page" library="keywords">
<kw name="Go To" library="SeleniumLibrary">
<doc>Navigates the current browser window to the provided ``url``.</doc>
<arguments>
<arg>${URL}</arg>
</arguments>
<msg timestamp="20200226 20:14:25.430" level="INFO">Opening url 'http://rental20.infotiv.net/'</msg>
<status status="PASS" starttime="20200226 20:14:25.430" endtime="20200226 20:14:25.868"></status>
</kw>
<status status="PASS" starttime="20200226 20:14:25.428" endtime="20200226 20:14:25.868"></status>
</kw>
<kw name="Verify Page Loaded" library="keywords">
<kw name="Get Text" library="SeleniumLibrary">
<doc>Returns the text value of the element identified by ``locator``.</doc>
<arguments>
<arg>id:questionText</arg>
</arguments>
<assign>
<var>${link_text}</var>
</assign>
<msg timestamp="20200226 20:14:26.089" level="INFO">${link_text} = When do you want to make your trip?</msg>
<status status="PASS" starttime="20200226 20:14:25.879" endtime="20200226 20:14:26.089"></status>
</kw>
<kw name="Should Be Equal" library="BuiltIn">
<doc>Fails if the given objects are unequal.</doc>
<arguments>
<arg>${link_text}</arg>
<arg>When do you want to make your trip?</arg>
</arguments>
<status status="PASS" starttime="20200226 20:14:26.089" endtime="20200226 20:14:26.090"></status>
</kw>
<status status="PASS" starttime="20200226 20:14:25.877" endtime="20200226 20:14:26.090"></status>
</kw>
<kw name="End Web Test" library="keywords" type="teardown">
<kw name="Close Browser" library="SeleniumLibrary">
<doc>Closes the current browser.</doc>
<status status="PASS" starttime="20200226 20:14:26.120" endtime="20200226 20:14:29.360"></status>
</kw>
<status status="PASS" starttime="20200226 20:14:26.119" endtime="20200226 20:14:29.360"></status>
</kw>
<doc>Laddar sidan</doc>
<tags>
<tag>Laddar sidan</tag>
</tags>
<status status="PASS" starttime="20200226 20:14:13.694" endtime="20200226 20:14:29.361" critical="yes"></status>
</test>
<test id="s1-s3-t2" name="Log in with the wrong credentials">
<kw name="Begin Web Test" library="keywords" type="setup">
<kw name="Open Browser" library="SeleniumLibrary">
<doc>Opens a new browser instance to the optional ``url``.</doc>
<arguments>
<arg>about:blank</arg>
<arg>${BROWSER}</arg>
</arguments>
<msg timestamp="20200226 20:14:29.366" level="INFO">Opening browser 'chrome' to base url 'about:blank'.</msg>
<status status="PASS" starttime="20200226 20:14:29.365" endtime="20200226 20:14:35.511"></status>
</kw>
<kw name="Maximize Browser Window" library="SeleniumLibrary">
<doc>Maximizes current browser window.</doc>
<status status="PASS" starttime="20200226 20:14:35.512" endtime="20200226 20:14:39.646"></status>
</kw>
<kw name="Go To Web Page" library="keywords">
<kw name="Go To" library="SeleniumLibrary">
<doc>Navigates the current browser window to the provided ``url``.</doc>
<arguments>
<arg>${URL}</arg>
</arguments>
<msg timestamp="20200226 20:14:39.647" level="INFO">Opening url 'http://rental20.infotiv.net/'</msg>
<status status="PASS" starttime="20200226 20:14:39.646" endtime="20200226 20:14:40.648"></status>
</kw>
<status status="PASS" starttime="20200226 20:14:39.646" endtime="20200226 20:14:40.649"></status>
</kw>
<kw name="Verify Page Loaded" library="keywords">
<kw name="Get Text" library="SeleniumLibrary">
<doc>Returns the text value of the element identified by ``locator``.</doc>
<arguments>
<arg>id:questionText</arg>
</arguments>
<assign>
<var>${link_text}</var>
</assign>
<msg timestamp="20200226 20:14:40.732" level="INFO">${link_text} = When do you want to make your trip?</msg>
<status status="PASS" starttime="20200226 20:14:40.649" endtime="20200226 20:14:40.732"></status>
</kw>
<kw name="Should Be Equal" library="BuiltIn">
<doc>Fails if the given objects are unequal.</doc>
<arguments>
<arg>${link_text}</arg>
<arg>When do you want to make your trip?</arg>
</arguments>
<status status="PASS" starttime="20200226 20:14:40.732" endtime="20200226 20:14:40.733"></status>
</kw>
<status status="PASS" starttime="20200226 20:14:40.649" endtime="20200226 20:14:40.733"></status>
</kw>
<status status="PASS" starttime="20200226 20:14:29.365" endtime="20200226 20:14:40.733"></status>
</kw>
<kw name="Go To Web Page" library="keywords">
<kw name="Go To" library="SeleniumLibrary">
<doc>Navigates the current browser window to the provided ``url``.</doc>
<arguments>
<arg>${URL}</arg>
</arguments>
<msg timestamp="20200226 20:14:40.747" level="INFO">Opening url 'http://rental20.infotiv.net/'</msg>
<status status="PASS" starttime="20200226 20:14:40.746" endtime="20200226 20:14:41.088"></status>
</kw>
<status status="PASS" starttime="20200226 20:14:40.746" endtime="20200226 20:14:41.089"></status>
</kw>
<kw name="Verify Page Loaded" library="keywords">
<kw name="Get Text" library="SeleniumLibrary">
<doc>Returns the text value of the element identified by ``locator``.</doc>
<arguments>
<arg>id:questionText</arg>
</arguments>
<assign>
<var>${link_text}</var>
</assign>
<msg timestamp="20200226 20:14:41.187" level="INFO">${link_text} = When do you want to make your trip?</msg>
<status status="PASS" starttime="20200226 20:14:41.090" endtime="20200226 20:14:41.187"></status>
</kw>
<kw name="Should Be Equal" library="BuiltIn">
<doc>Fails if the given objects are unequal.</doc>
<arguments>
<arg>${link_text}</arg>
<arg>When do you want to make your trip?</arg>
</arguments>
<status status="PASS" starttime="20200226 20:14:41.187" endtime="20200226 20:14:41.188"></status>
</kw>
<status status="PASS" starttime="20200226 20:14:41.089" endtime="20200226 20:14:41.188"></status>
</kw>
<kw name="Enter Email" library="keywords">
<arguments>
<arg>${BAD_EMAIL}</arg>
</arguments>
<kw name="Input Text" library="SeleniumLibrary">
<doc>Types the given ``text`` into the text field identified by ``locator``.</doc>
<arguments>
<arg>xpath://input[@id="email"]</arg>
<arg>${email}</arg>
</arguments>
<msg timestamp="20200226 20:14:41.204" level="INFO">Typing text 'wrong@as.can.be' into text field 'xpath://input[@id="email"]'.</msg>
<status status="PASS" starttime="20200226 20:14:41.204" endtime="20200226 20:14:41.752"></status>
</kw>
<status status="PASS" starttime="20200226 20:14:41.203" endtime="20200226 20:14:41.753"></status>
</kw>
<kw name="ENTER PASSWORD" library="keywords">
<arguments>
<arg>${BAD_PASSWORD}</arg>
</arguments>
<kw name="Input Text" library="SeleniumLibrary">
<doc>Types the given ``text`` into the text field identified by ``locator``.</doc>
<arguments>
<arg>xpath://input[@id="password"]</arg>
<arg>${password}</arg>
</arguments>
<msg timestamp="20200226 20:14:41.754" level="INFO">Typing text 'ClearlyWrong' into text field 'xpath://input[@id="password"]'.</msg>
<status status="PASS" starttime="20200226 20:14:41.754" endtime="20200226 20:14:42.152"></status>
</kw>
<status status="PASS" starttime="20200226 20:14:41.753" endtime="20200226 20:14:42.152"></status>
</kw>
<kw name="Click Button Login" library="keywords">
<kw name="Click Button" library="SeleniumLibrary">
<doc>Clicks the button identified by ``locator``.</doc>
<arguments>
<arg>xpath://button[@id="login"]</arg>
</arguments>
<msg timestamp="20200226 20:14:42.158" level="INFO">Clicking button 'xpath://button[@id="login"]'.</msg>
<status status="PASS" starttime="20200226 20:14:42.157" endtime="20200226 20:14:42.714"></status>
</kw>
<status status="PASS" starttime="20200226 20:14:42.155" endtime="20200226 20:14:42.714"></status>
</kw>
<kw name="Verify Login Failed" library="keywords">
<kw name="Wait Until Page Contains Element" library="SeleniumLibrary">
<doc>Waits until the element ``locator`` appears on the current page.</doc>
<arguments>
<arg>xpath://label[@id="signInError"]</arg>
</arguments>
<status status="PASS" starttime="20200226 20:14:42.752" endtime="20200226 20:14:42.834"></status>
</kw>
<kw name="Get Text" library="SeleniumLibrary">
<doc>Returns the text value of the element identified by ``locator``.</doc>
<arguments>
<arg>xpath://label[@id="signInError"]</arg>
</arguments>
<assign>
<var>${status_message}</var>
</assign>
<msg timestamp="20200226 20:14:42.900" level="INFO">${status_message} = Wrong e-mail or password</msg>
<status status="PASS" starttime="20200226 20:14:42.834" endtime="20200226 20:14:42.900"></status>
</kw>
<kw name="Should Be Equal" library="BuiltIn">
<doc>Fails if the given objects are unequal.</doc>
<arguments>
<arg>${status_message}</arg>
<arg>Wrong e-mail or password</arg>
</arguments>
<status status="PASS" starttime="20200226 20:14:42.900" endtime="20200226 20:14:42.901"></status>
</kw>
<status status="PASS" starttime="20200226 20:14:42.751" endtime="20200226 20:14:42.901"></status>
</kw>
<kw name="End Web Test" library="keywords" type="teardown">
<kw name="Close Browser" library="SeleniumLibrary">
<doc>Closes the current browser.</doc>
<status status="PASS" starttime="20200226 20:14:42.903" endtime="20200226 20:14:46.647"></status>
</kw>
<status status="PASS" starttime="20200226 20:14:42.902" endtime="20200226 20:14:46.648"></status>
</kw>
<doc>User logging in with the wrong credentials</doc>
<tags>
<tag>negative</tag>
</tags>
<status status="PASS" starttime="20200226 20:14:29.364" endtime="20200226 20:14:46.648" critical="yes"></status>
</test>
<doc>Global documentation</doc>
<status status="PASS" starttime="20200226 20:14:13.685" endtime="20200226 20:14:46.651"></status>
</suite>
<status status="PASS" starttime="20200226 20:13:40.534" endtime="20200226 20:14:46.658"></status>
</suite>
<statistics>
<total>
<stat pass="4" fail="0">Critical Tests</stat>
<stat pass="4" fail="0">All Tests</stat>
</total>
<tag>
<stat pass="1" fail="0">gherkin</stat>
<stat pass="1" fail="0">Laddar sidan</stat>
<stat pass="1" fail="0">negative</stat>
<stat pass="1" fail="0">submit no value</stat>
</tag>
<suite>
<stat pass="4" fail="0" id="s1" name="Tests">Tests</stat>
<stat pass="1" fail="0" id="s1-s1" name="Gherkin">Tests.Gherkin</stat>
<stat pass="1" fail="0" id="s1-s2" name="inputNoValue">Tests.inputNoValue</stat>
<stat pass="2" fail="0" id="s1-s3" name="Negative">Tests.Negative</stat>
</suite>
</statistics>
<errors>
</errors>
</robot>
