<?xml version="1.0" encoding="UTF-8"?>
<robot generator="Robot 3.1.2 (Python 3.8.1 on linux)" generated="20200224 12:58:33.607" rpa="false">
<suite id="s1" name="Negative" source="/home/vadis/.nextcloud/iths/automtest.20/lab2/tests/negative.robot">
<test id="s1-t1" name="Log in">
<kw name="Begin Web Test" type="setup">
<kw name="Open Browser" library="SeleniumLibrary">
<doc>Opens a new browser instance to the optional ``url``.</doc>
<arguments>
<arg>about:blank</arg>
<arg>${BROWSER}</arg>
</arguments>
<msg timestamp="20200224 12:58:33.792" level="INFO">Opening browser 'firefox' to base url 'about:blank'.</msg>
<msg timestamp="20200224 12:58:33.793" level="INFO">Firefox driver log is always forced to to: /home/vadis/.nextcloud/iths/automtest.20/lab2/results/geckodriver-12.log</msg>
<status status="PASS" starttime="20200224 12:58:33.792" endtime="20200224 12:58:37.015"></status>
</kw>
<kw name="Maximize Browser Window" library="SeleniumLibrary">
<doc>Maximizes current browser window.</doc>
<status status="PASS" starttime="20200224 12:58:37.017" endtime="20200224 12:58:37.298"></status>
</kw>
<kw name="Go To Web Page">
<kw name="Go To" library="SeleniumLibrary">
<doc>Navigates the current browser window to the provided ``url``.</doc>
<arguments>
<arg>${URL}</arg>
</arguments>
<msg timestamp="20200224 12:58:37.301" level="INFO">Opening url 'http://rental19.infotiv.net/'</msg>
<status status="PASS" starttime="20200224 12:58:37.300" endtime="20200224 12:58:38.016"></status>
</kw>
<status status="PASS" starttime="20200224 12:58:37.298" endtime="20200224 12:58:38.017"></status>
</kw>
<kw name="Verify Page Loaded">
<kw name="Get Text" library="SeleniumLibrary">
<doc>Returns the text value of the element identified by ``locator``.</doc>
<arguments>
<arg>id:questionText</arg>
</arguments>
<assign>
<var>${link_text}</var>
</assign>
<msg timestamp="20200224 12:58:38.121" level="INFO">${link_text} = When do you want to make your trip?</msg>
<status status="PASS" starttime="20200224 12:58:38.019" endtime="20200224 12:58:38.121"></status>
</kw>
<kw name="Should Be Equal" library="BuiltIn">
<doc>Fails if the given objects are unequal.</doc>
<arguments>
<arg>${link_text}</arg>
<arg>When do you want to make your trip?</arg>
</arguments>
<status status="PASS" starttime="20200224 12:58:38.121" endtime="20200224 12:58:38.122"></status>
</kw>
<status status="PASS" starttime="20200224 12:58:38.017" endtime="20200224 12:58:38.122"></status>
</kw>
<status status="PASS" starttime="20200224 12:58:33.790" endtime="20200224 12:58:38.123"></status>
</kw>
<kw name="Go To Web Page">
<kw name="Go To" library="SeleniumLibrary">
<doc>Navigates the current browser window to the provided ``url``.</doc>
<arguments>
<arg>${URL}</arg>
</arguments>
<msg timestamp="20200224 12:58:38.124" level="INFO">Opening url 'http://rental19.infotiv.net/'</msg>
<status status="PASS" starttime="20200224 12:58:38.124" endtime="20200224 12:58:38.442"></status>
</kw>
<status status="PASS" starttime="20200224 12:58:38.123" endtime="20200224 12:58:38.443"></status>
</kw>
<kw name="Verify Page Loaded">
<kw name="Get Text" library="SeleniumLibrary">
<doc>Returns the text value of the element identified by ``locator``.</doc>
<arguments>
<arg>id:questionText</arg>
</arguments>
<assign>
<var>${link_text}</var>
</assign>
<msg timestamp="20200224 12:58:38.505" level="INFO">${link_text} = When do you want to make your trip?</msg>
<status status="PASS" starttime="20200224 12:58:38.445" endtime="20200224 12:58:38.506"></status>
</kw>
<kw name="Should Be Equal" library="BuiltIn">
<doc>Fails if the given objects are unequal.</doc>
<arguments>
<arg>${link_text}</arg>
<arg>When do you want to make your trip?</arg>
</arguments>
<status status="PASS" starttime="20200224 12:58:38.506" endtime="20200224 12:58:38.507"></status>
</kw>
<status status="PASS" starttime="20200224 12:58:38.444" endtime="20200224 12:58:38.507"></status>
</kw>
<kw name="Enter Email">
<kw name="Input Text" library="SeleniumLibrary">
<doc>Types the given ``text`` into the text field identified by ``locator``.</doc>
<arguments>
<arg>xpath://input[@id="email"]</arg>
<arg>${EMAIL}</arg>
</arguments>
<msg timestamp="20200224 12:58:38.510" level="INFO">Typing text 'test@test.test' into text field 'xpath://input[@id="email"]'.</msg>
<status status="PASS" starttime="20200224 12:58:38.509" endtime="20200224 12:58:38.614"></status>
</kw>
<status status="PASS" starttime="20200224 12:58:38.508" endtime="20200224 12:58:38.614"></status>
</kw>
<kw name="Enter Password">
<kw name="Input Text" library="SeleniumLibrary">
<doc>Types the given ``text`` into the text field identified by ``locator``.</doc>
<arguments>
<arg>xpath://input[@id="password"]</arg>
<arg>${PASSWORD}</arg>
</arguments>
<msg timestamp="20200224 12:58:38.617" level="INFO">Typing text 'password' into text field 'xpath://input[@id="password"]'.</msg>
<status status="PASS" starttime="20200224 12:58:38.616" endtime="20200224 12:58:38.661"></status>
</kw>
<status status="PASS" starttime="20200224 12:58:38.615" endtime="20200224 12:58:38.661"></status>
</kw>
<kw name="Click Button Login">
<kw name="Click Button" library="SeleniumLibrary">
<doc>Clicks the button identified by ``locator``.</doc>
<arguments>
<arg>xpath://button[@id="login"]</arg>
</arguments>
<msg timestamp="20200224 12:58:38.662" level="INFO">Clicking button 'xpath://button[@id="login"]'.</msg>
<status status="PASS" starttime="20200224 12:58:38.662" endtime="20200224 12:58:39.261"></status>
</kw>
<status status="PASS" starttime="20200224 12:58:38.661" endtime="20200224 12:58:39.261"></status>
</kw>
<kw name="End Web Test" type="teardown">
<kw name="Close Browser" library="SeleniumLibrary">
<doc>Closes the current browser.</doc>
<status status="PASS" starttime="20200224 12:58:39.263" endtime="20200224 12:58:41.553"></status>
</kw>
<status status="PASS" starttime="20200224 12:58:39.262" endtime="20200224 12:58:41.553"></status>
</kw>
<doc>Enter Email</doc>
<tags>
<tag>login</tag>
</tags>
<status status="PASS" starttime="20200224 12:58:33.790" endtime="20200224 12:58:41.553" critical="yes"></status>
</test>
<doc>Global documentation</doc>
<status status="PASS" starttime="20200224 12:58:33.608" endtime="20200224 12:58:41.556"></status>
</suite>
<statistics>
<total>
<stat pass="1" fail="0">Critical Tests</stat>
<stat pass="1" fail="0">All Tests</stat>
</total>
<tag>
<stat pass="1" fail="0">login</stat>
</tag>
<suite>
<stat pass="1" fail="0" id="s1" name="Negative">Negative</stat>
</suite>
</statistics>
<errors>
</errors>
</robot>
