<?xml version="1.0" encoding="UTF-8"?>
<robot generator="Robot 3.1.2 (Python 3.8.1 on linux)" generated="20200302 16:06:54.645" rpa="false">
<suite id="s1" name="Negative" source="/home/vadis/.nextcloud/iths/automtest.20/lab2/tests/negative.robot">
<test id="s1-t1" name="Load URL">
<kw name="Begin Web Test" library="keywords" type="setup">
<kw name="Open Browser" library="SeleniumLibrary">
<doc>Opens a new browser instance to the optional ``url``.</doc>
<arguments>
<arg>about:blank</arg>
<arg>${BROWSER}</arg>
</arguments>
<msg timestamp="20200302 16:06:54.813" level="INFO">Opening browser 'chrome' to base url 'about:blank'.</msg>
<status status="PASS" starttime="20200302 16:06:54.813" endtime="20200302 16:06:56.689"></status>
</kw>
<kw name="Maximize Browser Window" library="SeleniumLibrary">
<doc>Maximizes current browser window.</doc>
<status status="PASS" starttime="20200302 16:06:56.689" endtime="20200302 16:06:56.805"></status>
</kw>
<kw name="Go To Web Page" library="keywords">
<kw name="Go To" library="SeleniumLibrary">
<doc>Navigates the current browser window to the provided ``url``.</doc>
<arguments>
<arg>${URL}</arg>
</arguments>
<msg timestamp="20200302 16:06:56.807" level="INFO">Opening url 'http://rental20.infotiv.net/'</msg>
<status status="PASS" starttime="20200302 16:06:56.807" endtime="20200302 16:06:57.516"></status>
</kw>
<status status="PASS" starttime="20200302 16:06:56.806" endtime="20200302 16:06:57.517"></status>
</kw>
<kw name="Verify Page Loaded" library="keywords">
<kw name="Get Text" library="SeleniumLibrary">
<doc>Returns the text value of the element identified by ``locator``.</doc>
<arguments>
<arg>id:questionText</arg>
</arguments>
<assign>
<var>${link_text}</var>
</assign>
<msg timestamp="20200302 16:06:57.571" level="INFO">${link_text} = When do you want to make your trip?</msg>
<status status="PASS" starttime="20200302 16:06:57.517" endtime="20200302 16:06:57.571"></status>
</kw>
<kw name="Should Be Equal" library="BuiltIn">
<doc>Fails if the given objects are unequal.</doc>
<arguments>
<arg>${link_text}</arg>
<arg>When do you want to make your trip?</arg>
</arguments>
<status status="PASS" starttime="20200302 16:06:57.571" endtime="20200302 16:06:57.572"></status>
</kw>
<status status="PASS" starttime="20200302 16:06:57.517" endtime="20200302 16:06:57.572"></status>
</kw>
<status status="PASS" starttime="20200302 16:06:54.812" endtime="20200302 16:06:57.572"></status>
</kw>
<kw name="Go To Web Page" library="keywords">
<kw name="Go To" library="SeleniumLibrary">
<doc>Navigates the current browser window to the provided ``url``.</doc>
<arguments>
<arg>${URL}</arg>
</arguments>
<msg timestamp="20200302 16:06:57.573" level="INFO">Opening url 'http://rental20.infotiv.net/'</msg>
<status status="PASS" starttime="20200302 16:06:57.573" endtime="20200302 16:06:57.919"></status>
</kw>
<status status="PASS" starttime="20200302 16:06:57.573" endtime="20200302 16:06:57.920"></status>
</kw>
<kw name="Verify Page Loaded" library="keywords">
<kw name="Get Text" library="SeleniumLibrary">
<doc>Returns the text value of the element identified by ``locator``.</doc>
<arguments>
<arg>id:questionText</arg>
</arguments>
<assign>
<var>${link_text}</var>
</assign>
<msg timestamp="20200302 16:06:58.017" level="INFO">${link_text} = When do you want to make your trip?</msg>
<status status="PASS" starttime="20200302 16:06:57.921" endtime="20200302 16:06:58.018"></status>
</kw>
<kw name="Should Be Equal" library="BuiltIn">
<doc>Fails if the given objects are unequal.</doc>
<arguments>
<arg>${link_text}</arg>
<arg>When do you want to make your trip?</arg>
</arguments>
<status status="PASS" starttime="20200302 16:06:58.018" endtime="20200302 16:06:58.019"></status>
</kw>
<status status="PASS" starttime="20200302 16:06:57.920" endtime="20200302 16:06:58.019"></status>
</kw>
<kw name="End Web Test" library="keywords" type="teardown">
<kw name="Close Browser" library="SeleniumLibrary">
<doc>Closes the current browser.</doc>
<status status="PASS" starttime="20200302 16:06:58.021" endtime="20200302 16:06:58.090"></status>
</kw>
<status status="PASS" starttime="20200302 16:06:58.020" endtime="20200302 16:06:58.090"></status>
</kw>
<doc>Laddar sidan</doc>
<tags>
<tag>Laddar sidan</tag>
</tags>
<status status="PASS" starttime="20200302 16:06:54.811" endtime="20200302 16:06:58.090" critical="yes"></status>
</test>
<test id="s1-t2" name="Log in with the wrong credentials">
<kw name="Begin Web Test" library="keywords" type="setup">
<kw name="Open Browser" library="SeleniumLibrary">
<doc>Opens a new browser instance to the optional ``url``.</doc>
<arguments>
<arg>about:blank</arg>
<arg>${BROWSER}</arg>
</arguments>
<msg timestamp="20200302 16:06:58.097" level="INFO">Opening browser 'chrome' to base url 'about:blank'.</msg>
<status status="PASS" starttime="20200302 16:06:58.096" endtime="20200302 16:06:59.969"></status>
</kw>
<kw name="Maximize Browser Window" library="SeleniumLibrary">
<doc>Maximizes current browser window.</doc>
<status status="PASS" starttime="20200302 16:06:59.970" endtime="20200302 16:07:00.080"></status>
</kw>
<kw name="Go To Web Page" library="keywords">
<kw name="Go To" library="SeleniumLibrary">
<doc>Navigates the current browser window to the provided ``url``.</doc>
<arguments>
<arg>${URL}</arg>
</arguments>
<msg timestamp="20200302 16:07:00.082" level="INFO">Opening url 'http://rental20.infotiv.net/'</msg>
<status status="PASS" starttime="20200302 16:07:00.081" endtime="20200302 16:07:00.849"></status>
</kw>
<status status="PASS" starttime="20200302 16:07:00.080" endtime="20200302 16:07:00.849"></status>
</kw>
<kw name="Verify Page Loaded" library="keywords">
<kw name="Get Text" library="SeleniumLibrary">
<doc>Returns the text value of the element identified by ``locator``.</doc>
<arguments>
<arg>id:questionText</arg>
</arguments>
<assign>
<var>${link_text}</var>
</assign>
<msg timestamp="20200302 16:07:00.903" level="INFO">${link_text} = When do you want to make your trip?</msg>
<status status="PASS" starttime="20200302 16:07:00.850" endtime="20200302 16:07:00.903"></status>
</kw>
<kw name="Should Be Equal" library="BuiltIn">
<doc>Fails if the given objects are unequal.</doc>
<arguments>
<arg>${link_text}</arg>
<arg>When do you want to make your trip?</arg>
</arguments>
<status status="PASS" starttime="20200302 16:07:00.903" endtime="20200302 16:07:00.904"></status>
</kw>
<status status="PASS" starttime="20200302 16:07:00.850" endtime="20200302 16:07:00.904"></status>
</kw>
<status status="PASS" starttime="20200302 16:06:58.095" endtime="20200302 16:07:00.904"></status>
</kw>
<kw name="Go To Web Page" library="keywords">
<kw name="Go To" library="SeleniumLibrary">
<doc>Navigates the current browser window to the provided ``url``.</doc>
<arguments>
<arg>${URL}</arg>
</arguments>
<msg timestamp="20200302 16:07:00.906" level="INFO">Opening url 'http://rental20.infotiv.net/'</msg>
<status status="PASS" starttime="20200302 16:07:00.905" endtime="20200302 16:07:01.188"></status>
</kw>
<status status="PASS" starttime="20200302 16:07:00.905" endtime="20200302 16:07:01.188"></status>
</kw>
<kw name="Verify Page Loaded" library="keywords">
<kw name="Get Text" library="SeleniumLibrary">
<doc>Returns the text value of the element identified by ``locator``.</doc>
<arguments>
<arg>id:questionText</arg>
</arguments>
<assign>
<var>${link_text}</var>
</assign>
<msg timestamp="20200302 16:07:01.280" level="INFO">${link_text} = When do you want to make your trip?</msg>
<status status="PASS" starttime="20200302 16:07:01.190" endtime="20200302 16:07:01.280"></status>
</kw>
<kw name="Should Be Equal" library="BuiltIn">
<doc>Fails if the given objects are unequal.</doc>
<arguments>
<arg>${link_text}</arg>
<arg>When do you want to make your trip?</arg>
</arguments>
<status status="PASS" starttime="20200302 16:07:01.280" endtime="20200302 16:07:01.281"></status>
</kw>
<status status="PASS" starttime="20200302 16:07:01.189" endtime="20200302 16:07:01.282"></status>
</kw>
<kw name="Enter Email" library="keywords">
<arguments>
<arg>${BAD_EMAIL}</arg>
</arguments>
<kw name="Input Text" library="SeleniumLibrary">
<doc>Types the given ``text`` into the text field identified by ``locator``.</doc>
<arguments>
<arg>xpath://input[@id="email"]</arg>
<arg>${email}</arg>
</arguments>
<msg timestamp="20200302 16:07:01.284" level="INFO">Typing text 'wrong@as.can.be' into text field 'xpath://input[@id="email"]'.</msg>
<status status="PASS" starttime="20200302 16:07:01.283" endtime="20200302 16:07:01.686"></status>
</kw>
<status status="PASS" starttime="20200302 16:07:01.282" endtime="20200302 16:07:01.687"></status>
</kw>
<kw name="ENTER PASSWORD" library="keywords">
<arguments>
<arg>${BAD_PASSWORD}</arg>
</arguments>
<kw name="Input Text" library="SeleniumLibrary">
<doc>Types the given ``text`` into the text field identified by ``locator``.</doc>
<arguments>
<arg>xpath://input[@id="password"]</arg>
<arg>${password}</arg>
</arguments>
<msg timestamp="20200302 16:07:01.689" level="INFO">Typing text 'ClearlyWrong' into text field 'xpath://input[@id="password"]'.</msg>
<status status="PASS" starttime="20200302 16:07:01.689" endtime="20200302 16:07:01.925"></status>
</kw>
<status status="PASS" starttime="20200302 16:07:01.688" endtime="20200302 16:07:01.925"></status>
</kw>
<kw name="Click Button Login" library="keywords">
<kw name="Click Button" library="SeleniumLibrary">
<doc>Clicks the button identified by ``locator``.</doc>
<arguments>
<arg>xpath://button[@id="login"]</arg>
</arguments>
<msg timestamp="20200302 16:07:01.926" level="INFO">Clicking button 'xpath://button[@id="login"]'.</msg>
<status status="PASS" starttime="20200302 16:07:01.926" endtime="20200302 16:07:02.543"></status>
</kw>
<status status="PASS" starttime="20200302 16:07:01.926" endtime="20200302 16:07:02.544"></status>
</kw>
<kw name="Verify Login Failed" library="keywords">
<kw name="Wait Until Page Contains Element" library="SeleniumLibrary">
<doc>Waits until the element ``locator`` appears on the current page.</doc>
<arguments>
<arg>xpath://label[@id="signInError"]</arg>
</arguments>
<status status="PASS" starttime="20200302 16:07:02.546" endtime="20200302 16:07:02.611"></status>
</kw>
<kw name="Get Text" library="SeleniumLibrary">
<doc>Returns the text value of the element identified by ``locator``.</doc>
<arguments>
<arg>xpath://label[@id="signInError"]</arg>
</arguments>
<assign>
<var>${status_message}</var>
</assign>
<msg timestamp="20200302 16:07:02.687" level="INFO">${status_message} = Wrong e-mail or password</msg>
<status status="PASS" starttime="20200302 16:07:02.612" endtime="20200302 16:07:02.688"></status>
</kw>
<kw name="Should Be Equal" library="BuiltIn">
<doc>Fails if the given objects are unequal.</doc>
<arguments>
<arg>${status_message}</arg>
<arg>Wrong e-mail or password</arg>
</arguments>
<status status="PASS" starttime="20200302 16:07:02.688" endtime="20200302 16:07:02.689"></status>
</kw>
<status status="PASS" starttime="20200302 16:07:02.545" endtime="20200302 16:07:02.689"></status>
</kw>
<kw name="End Web Test" library="keywords" type="teardown">
<kw name="Close Browser" library="SeleniumLibrary">
<doc>Closes the current browser.</doc>
<status status="PASS" starttime="20200302 16:07:02.691" endtime="20200302 16:07:02.754"></status>
</kw>
<status status="PASS" starttime="20200302 16:07:02.690" endtime="20200302 16:07:02.755"></status>
</kw>
<doc>User logging in with the wrong credentials</doc>
<tags>
<tag>negative</tag>
</tags>
<status status="PASS" starttime="20200302 16:06:58.093" endtime="20200302 16:07:02.755" critical="yes"></status>
</test>
<doc>Global documentation</doc>
<status status="PASS" starttime="20200302 16:06:54.645" endtime="20200302 16:07:02.760"></status>
</suite>
<statistics>
<total>
<stat pass="2" fail="0">Critical Tests</stat>
<stat pass="2" fail="0">All Tests</stat>
</total>
<tag>
<stat pass="1" fail="0">Laddar sidan</stat>
<stat pass="1" fail="0">negative</stat>
</tag>
<suite>
<stat pass="2" fail="0" id="s1" name="Negative">Negative</stat>
</suite>
</statistics>
<errors>
</errors>
</robot>
